#
# A fatal error has been detected by the Java Runtime Environment:
#
#  SIGFPE (0x8) at pc=0x000000019c32ce54, pid=22064, tid=0x0000000000000103
#
# JRE version: OpenJDK Runtime Environment (Zulu 8.56.0.23-CA-macos-aarch64) (8.0_302-b08) (build 1.8.0_302-b08)
# Java VM: OpenJDK 64-Bit Server VM (25.302-b08 mixed mode bsd-aarch64 compressed oops)
# Problematic frame:
# C  [libsystem_kernel.dylib+0xe54]  mach_msg_trap+0x8
#
# Failed to write core dump. Core dumps have been disabled. To enable core dumping, try "ulimit -c unlimited" before starting Java again
#
# If you would like to submit a bug report, please visit:
#   http://www.azul.com/support/
#

---------------  T H R E A D  ---------------

Current thread is native thread

siginfo: si_signo: 8 (SIGFPE), si_code: 0 (unknown), si_addr: 0x000000019c32ce54

Registers:
 x0=0x0000000010004005  x1=0x0000000007000806  x2=0x0000000000000000  x3=0x0000000000000c00
 x4=0x0000000000001603  x5=0x00000000ffffffff  x6=0x0000000000000000  x7=0x0000000157709a50
 x8=0x00000000fffffbbf  x9=0x000000000f03e915 x10=0x000000003c0fa456 x11=0x000000b2f3109924
x12=0x00000000016e3600 x13=0x000000000000b2c3 x14=0x0000000000000000 x15=0x0000000000000000
x16=0xffffffffffffffe1 x17=0x0000000207600738 x18=0x0000000000000000 x19=0x0000000000000000
x20=0x00000000ffffffff x21=0x0000000000001603 x22=0x0000000000000c00 x23=0x000000016d9bd4a0
x24=0x0000000007000806 x25=0x0000000000000000 x26=0x0000000007000806 x27=0x0000000000001603
x28=0x000000016d9bd428  fp=0x000000016d9bd330  lr=0x000000019c32d204  sp=0x000000016d9bd2e0
pc=0x000000019c32ce54 cpsr=0x0000000080000000
Top of Stack: (sp=0x000000016d9bd2e0)
0x000000016d9bd2e0:   000000016d9bd428 0000000000001603
0x000000016d9bd2f0:   0000000000001603 00000000ffffffff
0x000000016d9bd300:   000000002b310084 000000016d9bd420
0x000000016d9bd310:   00000001577098d0 0000000157709a50
0x000000016d9bd320:   0000000000000c00 000000016d9bd4a0
0x000000016d9bd330:   000000016d9bd3b0 1e4880019c465e9c
0x000000016d9bd340:   000000016d9bd414 0700080600000000
0x000000016d9bd350:   000000016d9bd418 00000000ffffffff
0x000000016d9bd360:   0000000000000000 00000000ffffffff
0x000000016d9bd370:   000000016d9bd4a0 0000000000002603
0x000000016d9bd380:   0000000000001603 0000000000001703
0x000000016d9bd390:   0000000000000000 00000001577098d0
0x000000016d9bd3a0:   0000000000000000 0000000157709a50
0x000000016d9bd3b0:   000000016d9be110 483380019c464368
0x000000016d9bd3c0:   000000000000000e 00000002318d6e3c
0x000000016d9bd3d0:   00000002075248c0 0000000157709b08
0x000000016d9bd3e0:   0000000000000000 0000000000002603
0x000000016d9bd3f0:   0000000000001703 00000001577098e0
0x000000016d9bd400:   0000000157709a60 ffffffffffffffff
0x000000016d9bd410:   0000000000002603 000000016d9bd4a0
0x000000016d9bd420:   0000000000000000 ffffffffffffffff
0x000000016d9bd430:   0000000000000000 00000001b869a000
0x000000016d9bd440:   0000000206ed4960 0000000000000000
0x000000016d9bd450:   00000001a6f7d000 00000002318e2614
0x000000016d9bd460:   0000000000000000 000000019d1a5000
0x000000016d9bd470:   00000002318d3874 0000000000000000
0x000000016d9bd480:   00000001a0c01000 00000002318d5d44
0x000000016d9bd490:   0000000000000000 00000001ab788000
0x000000016d9bd4a0:   00000c0000000000 0000160300000000
0x000000016d9bd4b0:   00000000a5f97000 00000002318df888
0x000000016d9bd4c0:   0000000000000000 00000001a20d9000
0x000000016d9bd4d0:   0000000000000000 0000000000000000 

Instructions: (pc=0x000000019c32ce54)
0x000000019c32ce34:   92800370 d4001001 d65f03c0 92800390
0x000000019c32ce44:   d4001001 d65f03c0 928003d0 d4001001
0x000000019c32ce54:   d65f03c0 928003f0 d4001001 d65f03c0
0x000000019c32ce64:   92800410 d4001001 d65f03c0 92800430 

Register to memory mapping:

 x0=0x0000000010004005 is an unknown value
 x1=0x0000000007000806 is an unknown value
 x2=0x0000000000000000 is an unknown value
 x3=0x0000000000000c00 is an unknown value
 x4=0x0000000000001603 is an unknown value
 x5=0x00000000ffffffff is an unknown value
 x6=0x0000000000000000 is an unknown value
 x7=0x0000000157709a50 is an unknown value
 x8=0x00000000fffffbbf is an unknown value
 x9=0x000000000f03e915 is an unknown value
x10=0x000000003c0fa456 is an unknown value
x11=0x000000b2f3109924 is an unknown value
x12=0x00000000016e3600 is an unknown value
x13=0x000000000000b2c3 is an unknown value
x14=0x0000000000000000 is an unknown value
x15=0x0000000000000000 is an unknown value
x16=0xffffffffffffffe1 is an unknown value
x17=0x0000000207600738: _OBJC_$_CATEGORY_NSObject_$_NSKindOfAdditions+0xbf8 in /System/Library/Frameworks/CoreFoundation.framework/Versions/A/CoreFoundation at 0x000000019c3e1000
x18=0x0000000000000000 is an unknown value
x19=0x0000000000000000 is an unknown value
x20=0x00000000ffffffff is an unknown value
x21=0x0000000000001603 is an unknown value
x22=0x0000000000000c00 is an unknown value
x23=0x000000016d9bd4a0 is an unknown value
x24=0x0000000007000806 is an unknown value
x25=0x0000000000000000 is an unknown value
x26=0x0000000007000806 is an unknown value
x27=0x0000000000001603 is an unknown value
x28=0x000000016d9bd428 is an unknown value


Stack: [0x000000016b9c0000,0x000000016d9c0000],  sp=0x000000016d9bd2e0,  free space=32756k
Native frames: (J=compiled Java code, j=interpreted, Vv=VM code, C=native code)
C  [libsystem_kernel.dylib+0xe54]  mach_msg_trap+0x8
C  [CoreFoundation+0x84e9c]  __CFRunLoopServiceMachPort+0x174
C  [CoreFoundation+0x83368]  __CFRunLoopRun+0x4bc
C  [CoreFoundation+0x82734]  CFRunLoopRunSpecific+0x258
C  [java+0x8240]  CreateExecutionEnvironment+0x338
C  [java+0x4afc]  JLI_Launch+0x628
C  [java+0xaa48]  main+0x54
C  [libdyld.dylib+0x18420]  start+0x4


---------------  P R O C E S S  ---------------

VM state:not at safepoint (normal execution)

VM Mutex/Monitor currently owned by a thread: None

heap address: 0x0000000780000000, size: 1024 MB, Compressed Oops mode: Zero based, Oop shift amount: 3
Narrow klass base: 0x0000000800000000, Narrow klass shift: 0
Compressed class space size: 1073741824 Address: 0x0000000800000000

Heap:
 PSYoungGen      total 169472K, used 162482K [0x00000007aab00000, 0x00000007b7800000, 0x00000007c0000000)
  eden space 155136K, 95% used [0x00000007aab00000,0x00000007b3bb3718,0x00000007b4280000)
  from space 14336K, 99% used [0x00000007b4280000,0x00000007b50792d8,0x00000007b5080000)
  to   space 16896K, 0% used [0x00000007b6780000,0x00000007b6780000,0x00000007b7800000)
 ParOldGen       total 186880K, used 27119K [0x0000000780000000, 0x000000078b680000, 0x00000007aab00000)
  object space 186880K, 14% used [0x0000000780000000,0x0000000781a7bcc0,0x000000078b680000)
 Metaspace       used 101979K, capacity 116472K, committed 116704K, reserved 1150976K
  class space    used 14654K, capacity 16009K, committed 16096K, reserved 1048576K

Card table byte_map: [0x000000010f718000,0x000000010f91c000] byte_map_base: 0x000000010bb18000

Marking Bits: (ParMarkBitMap*) 0x0000000106ea1c38
 Begin Bits: [0x000000010fa74000, 0x0000000110a74000)
 End Bits:   [0x0000000110a74000, 0x0000000111a74000)

Polling page: 0x000000010255c000

CodeCache: size=131072Kb used=23769Kb max_used=23779Kb free=107303Kb
 bounds [0x0000000107518000, 0x0000000108c78000, 0x000000010f518000]
 total_blobs=8531 nmethods=7674 adapters=770
 compilation: enabled

Compilation events (10 events):
Event: 80.457 Thread 0x000000013780b000 9157       1       org.apache.spark.rpc.netty.NettyRpcEndpointRef::nettyEnv (5 bytes)
Event: 80.457 Thread 0x000000013780b000 nmethod 9157 0x0000000107da3550 code [0x0000000107da3680, 0x0000000107da3710]
Event: 80.457 Thread 0x000000013780b000 9158       1       org.apache.spark.rpc.netty.RequestMessage::receiver (5 bytes)
Event: 80.458 Thread 0x000000013780b000 nmethod 9158 0x0000000107da3310 code [0x0000000107da3440, 0x0000000107da34d0]
Event: 81.086 Thread 0x000000013780b000 9159       3       org.apache.spark.status.AppStatusListener::activeStages (71 bytes)
Event: 81.090 Thread 0x000000013780b000 nmethod 9159 0x0000000108a0d2d0 code [0x0000000108a0d740, 0x0000000108a0f578]
Event: 83.928 Thread 0x0000000137809000 9160       4       scala.collection.AbstractTraversable::filter (6 bytes)
Event: 83.929 Thread 0x0000000137809000 nmethod 9160 0x0000000107da3050 code [0x0000000107da31c0, 0x0000000107da3250]
Event: 85.008 Thread 0x000000013780b000 9161       1       org.apache.spark.sql.execution.streaming.ProcessingTimeExecutor::intervalMs (5 bytes)
Event: 85.008 Thread 0x000000013780b000 nmethod 9161 0x0000000108c2c310 code [0x0000000108c2c440, 0x0000000108c2c510]

GC Heap History (10 events):
Event: 4.100 GC heap before
{Heap before GC invocations=17 (full 3):
 PSYoungGen      total 121344K, used 121332K [0x00000007aab00000, 0x00000007b4500000, 0x00000007c0000000)
  eden space 109056K, 100% used [0x00000007aab00000,0x00000007b1580000,0x00000007b1580000)
  from space 12288K, 99% used [0x00000007b1580000,0x00000007b217d1c8,0x00000007b2180000)
  to   space 15872K, 0% used [0x00000007b3580000,0x00000007b3580000,0x00000007b4500000)
 ParOldGen       total 138752K, used 23536K [0x0000000780000000, 0x0000000788780000, 0x00000007aab00000)
  object space 138752K, 16% used [0x0000000780000000,0x00000007816fc170,0x0000000788780000)
 Metaspace       used 85568K, capacity 94271K, committed 94432K, reserved 1130496K
  class space    used 12137K, capacity 12983K, committed 13024K, reserved 1048576K
Event: 4.106 GC heap after
Heap after GC invocations=17 (full 3):
 PSYoungGen      total 142336K, used 8411K [0x00000007aab00000, 0x00000007b4800000, 0x00000007c0000000)
  eden space 126464K, 0% used [0x00000007aab00000,0x00000007aab00000,0x00000007b2680000)
  from space 15872K, 52% used [0x00000007b3580000,0x00000007b3db6c38,0x00000007b4500000)
  to   space 15360K, 0% used [0x00000007b2680000,0x00000007b2680000,0x00000007b3580000)
 ParOldGen       total 138752K, used 26644K [0x0000000780000000, 0x0000000788780000, 0x00000007aab00000)
  object space 138752K, 19% used [0x0000000780000000,0x0000000781a05138,0x0000000788780000)
 Metaspace       used 85568K, capacity 94271K, committed 94432K, reserved 1130496K
  class space    used 12137K, capacity 12983K, committed 13024K, reserved 1048576K
}
Event: 4.176 GC heap before
{Heap before GC invocations=18 (full 3):
 PSYoungGen      total 142336K, used 105129K [0x00000007aab00000, 0x00000007b4800000, 0x00000007c0000000)
  eden space 126464K, 76% used [0x00000007aab00000,0x00000007b09738c8,0x00000007b2680000)
  from space 15872K, 52% used [0x00000007b3580000,0x00000007b3db6c38,0x00000007b4500000)
  to   space 15360K, 0% used [0x00000007b2680000,0x00000007b2680000,0x00000007b3580000)
 ParOldGen       total 138752K, used 26644K [0x0000000780000000, 0x0000000788780000, 0x00000007aab00000)
  object space 138752K, 19% used [0x0000000780000000,0x0000000781a05138,0x0000000788780000)
 Metaspace       used 87386K, capacity 98374K, committed 98400K, reserved 1134592K
  class space    used 12557K, capacity 13766K, committed 13792K, reserved 1048576K
Event: 4.180 GC heap after
Heap after GC invocations=18 (full 3):
 PSYoungGen      total 141824K, used 8368K [0x00000007aab00000, 0x00000007b6380000, 0x00000007c0000000)
  eden space 126464K, 0% used [0x00000007aab00000,0x00000007aab00000,0x00000007b2680000)
  from space 15360K, 54% used [0x00000007b2680000,0x00000007b2eac3a8,0x00000007b3580000)
  to   space 14848K, 0% used [0x00000007b5500000,0x00000007b5500000,0x00000007b6380000)
 ParOldGen       total 138752K, used 26652K [0x0000000780000000, 0x0000000788780000, 0x00000007aab00000)
  object space 138752K, 19% used [0x0000000780000000,0x0000000781a07138,0x0000000788780000)
 Metaspace       used 87386K, capacity 98374K, committed 98400K, reserved 1134592K
  class space    used 12557K, capacity 13766K, committed 13792K, reserved 1048576K
}
Event: 4.180 GC heap before
{Heap before GC invocations=19 (full 4):
 PSYoungGen      total 141824K, used 8368K [0x00000007aab00000, 0x00000007b6380000, 0x00000007c0000000)
  eden space 126464K, 0% used [0x00000007aab00000,0x00000007aab00000,0x00000007b2680000)
  from space 15360K, 54% used [0x00000007b2680000,0x00000007b2eac3a8,0x00000007b3580000)
  to   space 14848K, 0% used [0x00000007b5500000,0x00000007b5500000,0x00000007b6380000)
 ParOldGen       total 138752K, used 26652K [0x0000000780000000, 0x0000000788780000, 0x00000007aab00000)
  object space 138752K, 19% used [0x0000000780000000,0x0000000781a07138,0x0000000788780000)
 Metaspace       used 87386K, capacity 98374K, committed 98400K, reserved 1134592K
  class space    used 12557K, capacity 13766K, committed 13792K, reserved 1048576K
Event: 4.225 GC heap after
Heap after GC invocations=19 (full 4):
 PSYoungGen      total 141824K, used 0K [0x00000007aab00000, 0x00000007b6380000, 0x00000007c0000000)
  eden space 126464K, 0% used [0x00000007aab00000,0x00000007aab00000,0x00000007b2680000)
  from space 15360K, 0% used [0x00000007b2680000,0x00000007b2680000,0x00000007b3580000)
  to   space 14848K, 0% used [0x00000007b5500000,0x00000007b5500000,0x00000007b6380000)
 ParOldGen       total 186880K, used 25358K [0x0000000780000000, 0x000000078b680000, 0x00000007aab00000)
  object space 186880K, 13% used [0x0000000780000000,0x00000007818c3810,0x000000078b680000)
 Metaspace       used 85043K, capacity 92994K, committed 98400K, reserved 1134592K
  class space    used 11969K, capacity 12722K, committed 13792K, reserved 1048576K
}
Event: 5.139 GC heap before
{Heap before GC invocations=20 (full 4):
 PSYoungGen      total 141824K, used 126464K [0x00000007aab00000, 0x00000007b6380000, 0x00000007c0000000)
  eden space 126464K, 100% used [0x00000007aab00000,0x00000007b2680000,0x00000007b2680000)
  from space 15360K, 0% used [0x00000007b2680000,0x00000007b2680000,0x00000007b3580000)
  to   space 14848K, 0% used [0x00000007b5500000,0x00000007b5500000,0x00000007b6380000)
 ParOldGen       total 186880K, used 25358K [0x0000000780000000, 0x000000078b680000, 0x00000007aab00000)
  object space 186880K, 13% used [0x0000000780000000,0x00000007818c3810,0x000000078b680000)
 Metaspace       used 90234K, capacity 101498K, committed 101984K, reserved 1136640K
  class space    used 12900K, capacity 13991K, committed 14176K, reserved 1048576K
Event: 5.143 GC heap after
Heap after GC invocations=20 (full 4):
 PSYoungGen      total 164864K, used 6595K [0x00000007aab00000, 0x00000007b5e80000, 0x00000007c0000000)
  eden space 155136K, 0% used [0x00000007aab00000,0x00000007aab00000,0x00000007b4280000)
  from space 9728K, 67% used [0x00000007b5500000,0x00000007b5b70d28,0x00000007b5e80000)
  to   space 14336K, 0% used [0x00000007b4280000,0x00000007b4280000,0x00000007b5080000)
 ParOldGen       total 186880K, used 25366K [0x0000000780000000, 0x000000078b680000, 0x00000007aab00000)
  object space 186880K, 13% used [0x0000000780000000,0x00000007818c5810,0x000000078b680000)
 Metaspace       used 90234K, capacity 101498K, committed 101984K, reserved 1136640K
  class space    used 12900K, capacity 13991K, committed 14176K, reserved 1048576K
}
Event: 7.612 GC heap before
{Heap before GC invocations=21 (full 4):
 PSYoungGen      total 164864K, used 161731K [0x00000007aab00000, 0x00000007b5e80000, 0x00000007c0000000)
  eden space 155136K, 100% used [0x00000007aab00000,0x00000007b4280000,0x00000007b4280000)
  from space 9728K, 67% used [0x00000007b5500000,0x00000007b5b70d28,0x00000007b5e80000)
  to   space 14336K, 0% used [0x00000007b4280000,0x00000007b4280000,0x00000007b5080000)
 ParOldGen       total 186880K, used 25366K [0x0000000780000000, 0x000000078b680000, 0x00000007aab00000)
  object space 186880K, 13% used [0x0000000780000000,0x00000007818c5810,0x000000078b680000)
 Metaspace       used 99624K, capacity 113596K, committed 113760K, reserved 1146880K
  class space    used 14359K, capacity 15694K, committed 15712K, reserved 1048576K
Event: 7.627 GC heap after
Heap after GC invocations=21 (full 4):
 PSYoungGen      total 169472K, used 14308K [0x00000007aab00000, 0x00000007b7800000, 0x00000007c0000000)
  eden space 155136K, 0% used [0x00000007aab00000,0x00000007aab00000,0x00000007b4280000)
  from space 14336K, 99% used [0x00000007b4280000,0x00000007b50792d8,0x00000007b5080000)
  to   space 16896K, 0% used [0x00000007b6780000,0x00000007b6780000,0x00000007b7800000)
 ParOldGen       total 186880K, used 27119K [0x0000000780000000, 0x000000078b680000, 0x00000007aab00000)
  object space 186880K, 14% used [0x0000000780000000,0x0000000781a7bcc0,0x000000078b680000)
 Metaspace       used 99624K, capacity 113596K, committed 113760K, reserved 1146880K
  class space    used 14359K, capacity 15694K, committed 15712K, reserved 1048576K
}

Deoptimization events (10 events):
Event: 7.656 Thread 0x0000000130f02000 Uncommon trap: reason=unstable_if action=reinterpret pc=0x000000010793784c method=java.util.concurrent.locks.ReentrantLock$Sync.nonfairTryAcquire(I)Z @ 34
Event: 7.727 Thread 0x0000000157acc000 Uncommon trap: reason=class_check action=maybe_recompile pc=0x0000000107891020 method=org.apache.spark.sql.catalyst.expressions.AttributeReference.equals(Ljava/lang/Object;)Z @ 181
Event: 7.733 Thread 0x0000000157acc000 Uncommon trap: reason=class_check action=maybe_recompile pc=0x0000000107891020 method=org.apache.spark.sql.catalyst.expressions.AttributeReference.equals(Ljava/lang/Object;)Z @ 181
Event: 10.709 Thread 0x0000000157acc000 Uncommon trap: reason=class_check action=maybe_recompile pc=0x0000000108a92a0c method=org.apache.spark.sql.catalyst.plans.logical.AnalysisHelper.$anonfun$resolveOperatorsDown$1(Lorg/apache/spark/sql/catalyst/plans/logical/AnalysisHelper;Lscala/PartialFunc
Event: 10.709 Thread 0x0000000157acc000 Uncommon trap: reason=class_check action=maybe_recompile pc=0x0000000108a92a0c method=org.apache.spark.sql.catalyst.plans.logical.AnalysisHelper.$anonfun$resolveOperatorsDown$1(Lorg/apache/spark/sql/catalyst/plans/logical/AnalysisHelper;Lscala/PartialFunc
Event: 10.709 Thread 0x0000000157acc000 Uncommon trap: reason=class_check action=maybe_recompile pc=0x0000000108a92a0c method=org.apache.spark.sql.catalyst.plans.logical.AnalysisHelper.$anonfun$resolveOperatorsDown$1(Lorg/apache/spark/sql/catalyst/plans/logical/AnalysisHelper;Lscala/PartialFunc
Event: 10.709 Thread 0x0000000157acc000 Uncommon trap: reason=class_check action=maybe_recompile pc=0x0000000108a92a0c method=org.apache.spark.sql.catalyst.plans.logical.AnalysisHelper.$anonfun$resolveOperatorsDown$1(Lorg/apache/spark/sql/catalyst/plans/logical/AnalysisHelper;Lscala/PartialFunc
Event: 10.714 Thread 0x0000000157acc000 Uncommon trap: reason=class_check action=maybe_recompile pc=0x0000000108a9c180 method=org.apache.spark.sql.catalyst.plans.logical.AnalysisHelper.$anonfun$resolveOperatorsDown$1(Lorg/apache/spark/sql/catalyst/plans/logical/AnalysisHelper;Lscala/PartialFunc
Event: 61.696 Thread 0x0000000130c39800 Uncommon trap: reason=unstable_if action=reinterpret pc=0x00000001081c3d84 method=java.util.concurrent.locks.ReentrantLock$Sync.nonfairTryAcquire(I)Z @ 34
Event: 61.696 Thread 0x000000011685a000 Uncommon trap: reason=unstable_if action=reinterpret pc=0x00000001076cbcc4 method=java.util.concurrent.locks.ReentrantLock$Sync.nonfairTryAcquire(I)Z @ 34

Classes redefined (0 events):
No events

Internal exceptions (10 events):
Event: 9.111 Thread 0x0000000157b3f000 Exception <a 'java/lang/NoSuchMethodError': java.lang.Object.$anonfun$extractExecutionStats$1()Lscala/collection/immutable/Map;> (0x00000007adcc82b0) thrown at [/Users/tester/jenkins/workspace/zulu8-build-macos-aarch64/zulu-src/hotspot/src/share/vm/interp
Event: 9.111 Thread 0x0000000157b3f000 Exception <a 'java/lang/NoSuchMethodError': java.lang.Object.$anonfun$finishTrigger$1(Lorg/apache/spark/sql/execution/streaming/ProgressReporter$ExecutionStats;)Ljava/lang/String;> (0x00000007adcdf460) thrown at [/Users/tester/jenkins/workspace/zulu8-buil
Event: 9.111 Thread 0x0000000157b3f000 Exception <a 'java/lang/NoSuchMethodError': java.lang.Object.$anonfun$finishTrigger$2(Lorg/apache/spark/sql/execution/streaming/ProgressReporter;Lorg/apache/spark/sql/execution/streaming/ProgressReporter$ExecutionStats;DDLorg/apache/spark/sql/connector/re
Event: 9.112 Thread 0x0000000157b3f000 Exception <a 'java/lang/NoSuchMethodError': java.lang.Object.$anonfun$finishTrigger$3()J> (0x00000007add0d108) thrown at [/Users/tester/jenkins/workspace/zulu8-build-macos-aarch64/zulu-src/hotspot/src/share/vm/interpreter/linkResolver.cpp, line 620]
Event: 9.112 Thread 0x0000000157b3f000 Exception <a 'java/lang/NoSuchMethodError': java.lang.Object.$anonfun$extractSourceToNumInputRows$3$adapted(Lscala/Tuple2;)Ljava/lang/Object;> (0x00000007add107d0) thrown at [/Users/tester/jenkins/workspace/zulu8-build-macos-aarch64/zulu-src/hotspot/src/s
Event: 9.112 Thread 0x0000000157b3f000 Exception <a 'java/lang/NoSuchMethodError': java.lang.Object.$anonfun$finishTrigger$4$adapted(Lorg/apache/spark/sql/execution/datasources/v2/StreamWriterCommitProgress;)Ljava/lang/Object;> (0x00000007add15190) thrown at [/Users/tester/jenkins/workspace/zu
Event: 9.115 Thread 0x0000000157b3f000 Exception <a 'java/lang/NoSuchMethodError': java.lang.Object.$anonfun$finishTrigger$6$adapted(Ljava/lang/Object;)Ljava/lang/Long;> (0x00000007add9fb18) thrown at [/Users/tester/jenkins/workspace/zulu8-build-macos-aarch64/zulu-src/hotspot/src/share/vm/inte
Event: 9.115 Thread 0x0000000157b3f000 Exception <a 'java/lang/NoSuchMethodError': java.lang.Object.$anonfun$updateProgress$1(Lorg/apache/spark/sql/streaming/StreamingQueryProgress;)Ljava/lang/String;> (0x00000007addce168) thrown at [/Users/tester/jenkins/workspace/zulu8-build-macos-aarch64/zu
Event: 9.123 Thread 0x0000000157b3f000 Exception <a 'java/lang/NoSuchMethodError': java.lang.Object.$anonfun$finishTrigger$5$adapted(Lorg/apache/spark/sql/execution/datasources/v2/StreamWriterCommitProgress;)Ljava/lang/Object;> (0x00000007adf0a820) thrown at [/Users/tester/jenkins/workspace/zu
Event: 16.010 Thread 0x0000000158146800 Exception <a 'sun/nio/fs/UnixException'> (0x00000007af2a76d8) thrown at [/Users/tester/jenkins/workspace/zulu8-build-macos-aarch64/zulu-src/hotspot/src/share/vm/prims/jni.cpp, line 711]

Events (10 events):
Event: 74.785 Thread 0x0000000137809000 flushing nmethod 0x0000000107890050
Event: 74.785 Thread 0x0000000137809000 flushing nmethod 0x000000010789a5d0
Event: 75.050 Thread 0x000000013780a000 flushing nmethod 0x00000001079f5690
Event: 75.099 Thread 0x000000015806b800 flushing nmethod 0x0000000107d3c490
Event: 75.257 Thread 0x000000015806b800 flushing nmethod 0x00000001082ee290
Event: 75.438 Thread 0x000000013780a000 flushing nmethod 0x0000000108a63dd0
Event: 75.439 Thread 0x000000013780a000 flushing nmethod 0x0000000108b1a190
Event: 76.010 Executing VM operation: RevokeBias
Event: 76.011 Executing VM operation: RevokeBias done
Event: 76.011 Thread 0x0000000157ed5800 Thread exited: 0x0000000157ed5800


Dynamic libraries:
0x00000001b01fd000 	/System/Library/Frameworks/Cocoa.framework/Versions/A/Cocoa
0x000000019e199000 	/System/Library/Frameworks/Security.framework/Versions/A/Security
0x00000001ae588000 	/System/Library/Frameworks/ApplicationServices.framework/Versions/A/ApplicationServices
0x00000001a5d34000 	/usr/lib/libz.1.dylib
0x00000001a5dda000 	/usr/lib/libSystem.B.dylib
0x000000019c3e1000 	/System/Library/Frameworks/CoreFoundation.framework/Versions/A/CoreFoundation
0x000000019d1a5000 	/System/Library/Frameworks/Foundation.framework/Versions/C/Foundation
0x000000019c1f9000 	/usr/lib/libobjc.A.dylib
0x000000019ec0c000 	/System/Library/Frameworks/AppKit.framework/Versions/C/AppKit
0x00000001a1a1e000 	/System/Library/Frameworks/CoreData.framework/Versions/A/CoreData
0x000000019f94b000 	/System/Library/PrivateFrameworks/UIFoundation.framework/Versions/A/UIFoundation
0x00000001ab425000 	/System/Library/PrivateFrameworks/RemoteViewServices.framework/Versions/A/RemoteViewServices
0x00000001a4655000 	/System/Library/PrivateFrameworks/XCTTargetBootstrap.framework/Versions/A/XCTTargetBootstrap
0x00000001a6f8c000 	/usr/lib/libspindump.dylib
0x000000019fb72000 	/System/Library/Frameworks/UniformTypeIdentifiers.framework/Versions/A/UniformTypeIdentifiers
0x00000001a2c3d000 	/usr/lib/libapp_launch_measurement.dylib
0x00000001a2c40000 	/System/Library/PrivateFrameworks/CoreAutoLayout.framework/Versions/A/CoreAutoLayout
0x00000001a3fd2000 	/System/Library/Frameworks/Metal.framework/Versions/A/Metal
0x00000001a4c31000 	/usr/lib/liblangid.dylib
0x00000001a4659000 	/System/Library/PrivateFrameworks/CoreSVG.framework/Versions/A/CoreSVG
0x00000001a0c1b000 	/System/Library/PrivateFrameworks/SkyLight.framework/Versions/A/SkyLight
0x00000001a0f85000 	/System/Library/Frameworks/CoreGraphics.framework/Versions/A/CoreGraphics
0x00000001ab940000 	/System/Library/Frameworks/Accelerate.framework/Versions/A/Accelerate
0x00000001a69e7000 	/System/Library/PrivateFrameworks/IconServices.framework/Versions/A/IconServices
0x00000001a3fb6000 	/System/Library/Frameworks/IOSurface.framework/Versions/A/IOSurface
0x00000001a22e6000 	/usr/lib/libDiagnosticMessagesClient.dylib
0x00000001a463d000 	/System/Library/PrivateFrameworks/DFRFoundation.framework/Versions/A/DFRFoundation
0x000000019e4fd000 	/usr/lib/libicucore.A.dylib
0x00000001a84d7000 	/System/Library/Frameworks/AudioToolbox.framework/Versions/A/AudioToolbox
0x00000001a76f5000 	/System/Library/PrivateFrameworks/DataDetectorsCore.framework/Versions/A/DataDetectorsCore
0x00000001a0b96000 	/usr/lib/libMobileGestalt.dylib
0x00000001a4332000 	/System/Library/Frameworks/Carbon.framework/Versions/A/Frameworks/HIToolbox.framework/Versions/A/HIToolbox
0x00000001a26e1000 	/System/Library/Frameworks/QuartzCore.framework/Versions/A/QuartzCore
0x00000001ab45d000 	/System/Library/Frameworks/Carbon.framework/Versions/A/Frameworks/SpeechRecognition.framework/Versions/A/SpeechRecognition
0x00000001a29df000 	/System/Library/PrivateFrameworks/CoreUI.framework/Versions/A/CoreUI
0x000000019db7e000 	/System/Library/Frameworks/CoreAudio.framework/Versions/A/CoreAudio
0x00000001a23cf000 	/System/Library/Frameworks/DiskArbitration.framework/Versions/A/DiskArbitration
0x00000001a7342000 	/System/Library/PrivateFrameworks/MultitouchSupport.framework/Versions/A/MultitouchSupport
0x00000001a76ec000 	/System/Library/PrivateFrameworks/InternationalSupport.framework/Versions/A/InternationalSupport
0x00000001a0b94000 	/usr/lib/libenergytrace.dylib
0x000000019eae6000 	/System/Library/Frameworks/IOKit.framework/Versions/A/IOKit
0x00000001ab788000 	/System/Library/Frameworks/CoreServices.framework/Versions/A/CoreServices
0x00000001a2bd7000 	/System/Library/PrivateFrameworks/PerformanceAnalysis.framework/Versions/A/PerformanceAnalysis
0x00000001de272000 	/System/Library/Frameworks/OpenGL.framework/Versions/A/OpenGL
0x00000001a776a000 	/System/Library/PrivateFrameworks/UserActivity.framework/Versions/A/UserActivity
0x00000001a1573000 	/System/Library/Frameworks/ColorSync.framework/Versions/A/ColorSync
0x00000001a48a3000 	/System/Library/Frameworks/CoreImage.framework/Versions/A/CoreImage
0x000000019d9ae000 	/System/Library/Frameworks/CoreText.framework/Versions/A/CoreText
0x00000001a4684000 	/System/Library/Frameworks/ImageIO.framework/Versions/A/ImageIO
0x00000001a5de0000 	/System/Library/PrivateFrameworks/SoftLinking.framework/Versions/A/SoftLinking
0x00000001a2c83000 	/usr/lib/libxml2.2.dylib
0x000000019c2b8000 	/usr/lib/libc++.1.dylib
0x00000001a6060000 	/usr/lib/libcompression.dylib
0x00000001a7638000 	/System/Library/PrivateFrameworks/TextureIO.framework/Versions/A/TextureIO
0x00000001a6744000 	/usr/lib/libate.dylib
0x00000001a5dd4000 	/usr/lib/system/libcache.dylib
0x00000001a5d93000 	/usr/lib/system/libcommonCrypto.dylib
0x00000001a5dbd000 	/usr/lib/system/libcompiler_rt.dylib
0x00000001a5db4000 	/usr/lib/system/libcopyfile.dylib
0x000000019c114000 	/usr/lib/system/libcorecrypto.dylib
0x000000019c1b4000 	/usr/lib/system/libdispatch.dylib
0x000000019c36c000 	/usr/lib/system/libdyld.dylib
0x00000001a5dca000 	/usr/lib/system/libkeymgr.dylib
0x00000001a91ed000 	/usr/lib/system/liblaunch.dylib
0x00000001a5d75000 	/usr/lib/system/libmacho.dylib
0x00000001a55e7000 	/usr/lib/system/libquarantine.dylib
0x00000001a5dc7000 	/usr/lib/system/libremovefile.dylib
0x00000001a0be9000 	/usr/lib/system/libsystem_asl.dylib
0x000000019c0c2000 	/usr/lib/system/libsystem_blocks.dylib
0x000000019c236000 	/usr/lib/system/libsystem_c.dylib
0x00000001a5dc1000 	/usr/lib/system/libsystem_collections.dylib
0x00000001a4c21000 	/usr/lib/system/libsystem_configuration.dylib
0x00000001a3fa4000 	/usr/lib/system/libsystem_containermanager.dylib
0x00000001a5b4a000 	/usr/lib/system/libsystem_coreservices.dylib
0x000000019e76f000 	/usr/lib/system/libsystem_darwin.dylib
0x00000001a5dcb000 	/usr/lib/system/libsystem_dnssd.dylib
0x000000019c233000 	/usr/lib/system/libsystem_featureflags.dylib
0x000000019c3b5000 	/usr/lib/system/libsystem_info.dylib
0x00000001a5d46000 	/usr/lib/system/libsystem_m.dylib
0x000000019c188000 	/usr/lib/system/libsystem_malloc.dylib
0x00000001a0b84000 	/usr/lib/system/libsystem_networkextension.dylib
0x000000019ebb2000 	/usr/lib/system/libsystem_notify.dylib
0x00000001ab693000 	/usr/lib/system/libsystem_product_info_filter.dylib
0x00000001a4c26000 	/usr/lib/system/libsystem_sandbox.dylib
0x00000001a5dc4000 	/usr/lib/system/libsystem_secinit.dylib
0x000000019c32c000 	/usr/lib/system/libsystem_kernel.dylib
0x000000019c3ae000 	/usr/lib/system/libsystem_platform.dylib
0x000000019c360000 	/usr/lib/system/libsystem_pthread.dylib
0x00000001a2155000 	/usr/lib/system/libsystem_symptoms.dylib
0x000000019c0fc000 	/usr/lib/system/libsystem_trace.dylib
0x00000001a5da1000 	/usr/lib/system/libunwind.dylib
0x000000019c0c4000 	/usr/lib/system/libxpc.dylib
0x000000019c314000 	/usr/lib/libc++abi.dylib
0x00000001a5dac000 	/usr/lib/liboah.dylib
0x00000001a658d000 	/usr/lib/liblzma.5.dylib
0x000000019ceba000 	/System/Library/Frameworks/SystemConfiguration.framework/Versions/A/SystemConfiguration
0x00000001a5ddc000 	/usr/lib/libfakelink.dylib
0x00000001a06fc000 	/System/Library/Frameworks/CFNetwork.framework/Versions/A/CFNetwork
0x00000001a5f26000 	/usr/lib/libarchive.2.dylib
0x000000019cf42000 	/usr/lib/libCRFSuite.dylib
0x00000001a5611000 	/usr/lib/libbsm.0.dylib
0x000000019ffbb000 	/usr/lib/libnetwork.dylib
0x00000001a5de1000 	/usr/lib/libpcap.A.dylib
0x00000001a214d000 	/usr/lib/libdns_services.dylib
0x00000001a65a6000 	/usr/lib/libcoretls_cfhelpers.dylib
0x00000001a602f000 	/usr/lib/libapple_nghttp2.dylib
0x00000001a5d7b000 	/usr/lib/system/libkxld.dylib
0x00000001a1dde000 	/usr/lib/libsqlite3.dylib
0x00000001a5b2d000 	/System/Library/PrivateFrameworks/AppleFSCompression.framework/Versions/A/AppleFSCompression
0x00000001a55fa000 	/usr/lib/libcoretls.dylib
0x00000001a605b000 	/usr/lib/libpam.2.dylib
0x00000001a668d000 	/usr/lib/libxar.1.dylib
0x00000001a4c2d000 	/System/Library/PrivateFrameworks/AppleSystemInfo.framework/Versions/A/AppleSystemInfo
0x00000001a524a000 	/System/Library/PrivateFrameworks/IOMobileFramebuffer.framework/Versions/A/IOMobileFramebuffer
0x00000001a5b3d000 	/usr/lib/libbz2.1.0.dylib
0x00000001a5e1d000 	/usr/lib/libiconv.2.dylib
0x00000001a5d74000 	/usr/lib/libcharset.1.dylib
0x00000001a2c10000 	/System/Library/Frameworks/CoreServices.framework/Versions/A/Frameworks/FSEvents.framework/Versions/A/FSEvents
0x000000019e77a000 	/System/Library/Frameworks/CoreServices.framework/Versions/A/Frameworks/CarbonCore.framework/Versions/A/CarbonCore
0x00000001a2335000 	/System/Library/Frameworks/CoreServices.framework/Versions/A/Frameworks/Metadata.framework/Versions/A/Metadata
0x00000001a5b4f000 	/System/Library/Frameworks/CoreServices.framework/Versions/A/Frameworks/OSServices.framework/Versions/A/OSServices
0x00000001a5f97000 	/System/Library/Frameworks/CoreServices.framework/Versions/A/Frameworks/SearchKit.framework/Versions/A/SearchKit
0x00000001a20d9000 	/System/Library/Frameworks/CoreServices.framework/Versions/A/Frameworks/AE.framework/Versions/A/AE
0x000000019c890000 	/System/Library/Frameworks/CoreServices.framework/Versions/A/Frameworks/LaunchServices.framework/Versions/A/LaunchServices
0x00000001a653a000 	/System/Library/Frameworks/CoreServices.framework/Versions/A/Frameworks/DictionaryServices.framework/Versions/A/DictionaryServices
0x00000001a2c19000 	/System/Library/Frameworks/CoreServices.framework/Versions/A/Frameworks/SharedFileList.framework/Versions/A/SharedFileList
0x00000001a55ea000 	/usr/lib/libCheckFix.dylib
0x00000001a0c01000 	/System/Library/PrivateFrameworks/TCC.framework/Versions/A/TCC
0x00000001a4c33000 	/System/Library/PrivateFrameworks/CoreNLP.framework/Versions/A/CoreNLP
0x00000001a22e9000 	/System/Library/PrivateFrameworks/MetadataUtilities.framework/Versions/A/MetadataUtilities
0x000000019cf76000 	/usr/lib/libmecabra.dylib
0x00000001a58d0000 	/System/Library/Frameworks/MLCompute.framework/Versions/A/MLCompute
0x00000001a5622000 	/usr/lib/libmecab.dylib
0x00000001a5668000 	/usr/lib/libgermantok.dylib
0x00000001a6008000 	/usr/lib/libThaiTokenizer.dylib
0x00000001a66c9000 	/usr/lib/libChineseTokenizer.dylib
0x00000001a6059000 	/System/Library/Frameworks/MetalPerformanceShaders.framework/Versions/A/MetalPerformanceShaders
0x00000001a23d6000 	/System/Library/Frameworks/Accelerate.framework/Versions/A/Frameworks/vImage.framework/Versions/A/vImage
0x00000001ab766000 	/System/Library/Frameworks/Accelerate.framework/Versions/A/Frameworks/vecLib.framework/Versions/A/vecLib
0x00000001a66d4000 	/System/Library/Frameworks/Accelerate.framework/Versions/A/Frameworks/vecLib.framework/Versions/A/libvMisc.dylib
0x00000001a5188000 	/System/Library/Frameworks/Accelerate.framework/Versions/A/Frameworks/vecLib.framework/Versions/A/libvDSP.dylib
0x000000019cba1000 	/System/Library/Frameworks/Accelerate.framework/Versions/A/Frameworks/vecLib.framework/Versions/A/libBLAS.dylib
0x00000001a607d000 	/System/Library/Frameworks/Accelerate.framework/Versions/A/Frameworks/vecLib.framework/Versions/A/libLAPACK.dylib
0x00000001a566d000 	/System/Library/Frameworks/Accelerate.framework/Versions/A/Frameworks/vecLib.framework/Versions/A/libLinearAlgebra.dylib
0x00000001a6046000 	/System/Library/Frameworks/Accelerate.framework/Versions/A/Frameworks/vecLib.framework/Versions/A/libSparseBLAS.dylib
0x00000001a6078000 	/System/Library/Frameworks/Accelerate.framework/Versions/A/Frameworks/vecLib.framework/Versions/A/libQuadrature.dylib
0x00000001a4cc9000 	/System/Library/Frameworks/Accelerate.framework/Versions/A/Frameworks/vecLib.framework/Versions/A/libBNNS.dylib
0x000000019ce56000 	/System/Library/Frameworks/Accelerate.framework/Versions/A/Frameworks/vecLib.framework/Versions/A/libSparse.dylib
0x00000001a4bbc000 	/System/Library/Frameworks/MetalPerformanceShaders.framework/Versions/A/Frameworks/MPSCore.framework/Versions/A/MPSCore
0x00000001a5aa5000 	/System/Library/Frameworks/MetalPerformanceShaders.framework/Versions/A/Frameworks/MPSImage.framework/Versions/A/MPSImage
0x00000001a5682000 	/System/Library/Frameworks/MetalPerformanceShaders.framework/Versions/A/Frameworks/MPSNeuralNetwork.framework/Versions/A/MPSNeuralNetwork
0x00000001a5a23000 	/System/Library/Frameworks/MetalPerformanceShaders.framework/Versions/A/Frameworks/MPSMatrix.framework/Versions/A/MPSMatrix
0x00000001a5886000 	/System/Library/Frameworks/MetalPerformanceShaders.framework/Versions/A/Frameworks/MPSRayIntersector.framework/Versions/A/MPSRayIntersector
0x00000001a5a52000 	/System/Library/Frameworks/MetalPerformanceShaders.framework/Versions/A/Frameworks/MPSNDArray.framework/Versions/A/MPSNDArray
0x000000019cac7000 	/System/Library/PrivateFrameworks/MetalTools.framework/Versions/A/MetalTools
0x00000001a4c2b000 	/System/Library/PrivateFrameworks/AggregateDictionary.framework/Versions/A/AggregateDictionary
0x00000001a22b3000 	/System/Library/PrivateFrameworks/CoreAnalytics.framework/Versions/A/CoreAnalytics
0x00000001a600a000 	/System/Library/PrivateFrameworks/AppleSauce.framework/Versions/A/AppleSauce
0x00000001a3fc8000 	/System/Library/PrivateFrameworks/IOAccelerator.framework/Versions/A/IOAccelerator
0x00000001de265000 	/System/Library/Frameworks/OpenGL.framework/Versions/A/Libraries/libCoreFSCache.dylib
0x000000019d532000 	/System/Library/PrivateFrameworks/LanguageModeling.framework/Versions/A/LanguageModeling
0x00000001a5237000 	/System/Library/PrivateFrameworks/CoreEmoji.framework/Versions/A/CoreEmoji
0x00000001a4cc1000 	/System/Library/PrivateFrameworks/LinguisticData.framework/Versions/A/LinguisticData
0x000000019ce0c000 	/System/Library/PrivateFrameworks/Lexicon.framework/Versions/A/Lexicon
0x00000001a5f13000 	/usr/lib/libcmph.dylib
0x00000001a2bf0000 	/System/Library/Frameworks/OpenDirectory.framework/Versions/A/Frameworks/CFOpenDirectory.framework/Versions/A/CFOpenDirectory
0x00000001a2be2000 	/System/Library/Frameworks/OpenDirectory.framework/Versions/A/OpenDirectory
0x00000001a65a8000 	/System/Library/PrivateFrameworks/APFS.framework/Versions/A/APFS
0x00000001a5553000 	/System/Library/Frameworks/SecurityFoundation.framework/Versions/A/SecurityFoundation
0x00000001a669b000 	/usr/lib/libutil.dylib
0x000000019eaaa000 	/System/Library/PrivateFrameworks/CoreServicesStore.framework/Versions/A/CoreServicesStore
0x00000001a55e1000 	/System/Library/Frameworks/ServiceManagement.framework/Versions/A/ServiceManagement
0x00000001a669f000 	/usr/lib/libxslt.1.dylib
0x00000001a55d7000 	/System/Library/PrivateFrameworks/BackgroundTaskManagement.framework/Versions/A/BackgroundTaskManagement
0x00000001a7587000 	/System/Library/Frameworks/ImageIO.framework/Versions/A/Resources/libRadiance.dylib
0x00000001a7590000 	/System/Library/Frameworks/ImageIO.framework/Versions/A/Resources/libJPEG.dylib
0x00000001a74df000 	/System/Library/Frameworks/ImageIO.framework/Versions/A/Resources/libPng.dylib
0x00000001a7506000 	/System/Library/Frameworks/ImageIO.framework/Versions/A/Resources/libTIFF.dylib
0x00000001a75e1000 	/System/Library/Frameworks/ImageIO.framework/Versions/A/Resources/libGIF.dylib
0x00000001a725c000 	/System/Library/Frameworks/ImageIO.framework/Versions/A/Resources/libJP2.dylib
0x00000001a69b1000 	/usr/lib/libexpat.1.dylib
0x00000001a7218000 	/System/Library/PrivateFrameworks/AppleJPEG.framework/Versions/A/AppleJPEG
0x00000001a41d9000 	/System/Library/PrivateFrameworks/FontServices.framework/libFontParser.dylib
0x00000001a208b000 	/System/Library/PrivateFrameworks/RunningBoardServices.framework/Versions/A/RunningBoardServices
0x00000001b0729000 	/System/Library/PrivateFrameworks/IOSurfaceAccelerator.framework/Versions/A/IOSurfaceAccelerator
0x00000001a733e000 	/System/Library/PrivateFrameworks/WatchdogClient.framework/Versions/A/WatchdogClient
0x000000019d622000 	/System/Library/Frameworks/CoreDisplay.framework/Versions/A/CoreDisplay
0x00000001a40e1000 	/System/Library/Frameworks/CoreMedia.framework/Versions/A/CoreMedia
0x00000001a2d70000 	/System/Library/Frameworks/CoreVideo.framework/Versions/A/CoreVideo
0x00000001a737b000 	/System/Library/Frameworks/VideoToolbox.framework/Versions/A/VideoToolbox
0x00000001a2008000 	/System/Library/PrivateFrameworks/BaseBoard.framework/Versions/A/BaseBoard
0x00000001a6aed000 	/System/Library/PrivateFrameworks/PersistentConnection.framework/Versions/A/PersistentConnection
0x00000001a1dc7000 	/System/Library/PrivateFrameworks/ProtocolBuffer.framework/Versions/A/ProtocolBuffer
0x00000001a1ff1000 	/System/Library/PrivateFrameworks/CommonUtilities.framework/Versions/A/CommonUtilities
0x00000001a71dd000 	/System/Library/PrivateFrameworks/Bom.framework/Versions/A/Bom
0x00000001a7582000 	/System/Library/PrivateFrameworks/GPUWrangler.framework/Versions/A/GPUWrangler
0x00000001a7563000 	/System/Library/PrivateFrameworks/IOPresentment.framework/Versions/A/IOPresentment
0x00000001a758a000 	/System/Library/PrivateFrameworks/DSExternalDisplay.framework/Versions/A/DSExternalDisplay
0x00000001a75e6000 	/System/Library/PrivateFrameworks/CMCaptureCore.framework/Versions/A/CMCaptureCore
0x00000001a6f75000 	/System/Library/PrivateFrameworks/AppServerSupport.framework/Versions/A/AppServerSupport
0x00000001a8fa7000 	/System/Library/PrivateFrameworks/perfdata.framework/Versions/A/perfdata
0x00000001a5543000 	/System/Library/PrivateFrameworks/AssertionServices.framework/Versions/A/AssertionServices
0x000000019d745000 	/System/Library/PrivateFrameworks/AudioToolboxCore.framework/Versions/A/AudioToolboxCore
0x00000001a40c1000 	/System/Library/PrivateFrameworks/caulk.framework/Versions/A/caulk
0x00000001b7d13000 	/System/Library/PrivateFrameworks/SystemPolicy.framework/Versions/A/SystemPolicy
0x00000001a67d6000 	/usr/lib/libIOReport.dylib
0x00000001a8843000 	/usr/lib/libSMC.dylib
0x00000001a74ac000 	/usr/lib/libAudioToolboxUtility.dylib
0x00000001b869a000 	/usr/lib/libmis.dylib
0x00000001de2c7000 	/System/Library/Frameworks/OpenGL.framework/Versions/A/Libraries/libGLU.dylib
0x00000001de285000 	/System/Library/Frameworks/OpenGL.framework/Versions/A/Libraries/libGFXShared.dylib
0x00000001de46d000 	/System/Library/Frameworks/OpenGL.framework/Versions/A/Libraries/libGL.dylib
0x00000001de28e000 	/System/Library/Frameworks/OpenGL.framework/Versions/A/Libraries/libGLImage.dylib
0x00000001de282000 	/System/Library/Frameworks/OpenGL.framework/Versions/A/Libraries/libCVMSPluginSupport.dylib
0x00000001de26c000 	/System/Library/Frameworks/OpenGL.framework/Versions/A/Libraries/libCoreVMClient.dylib
0x00000001af289000 	/System/Library/PrivateFrameworks/ASEProcessing.framework/Versions/A/ASEProcessing
0x00000001a6b14000 	/System/Library/PrivateFrameworks/GraphVisualizer.framework/Versions/A/GraphVisualizer
0x00000001a6b22000 	/System/Library/PrivateFrameworks/FaceCore.framework/Versions/A/FaceCore
0x00000001a6f35000 	/System/Library/PrivateFrameworks/OTSVG.framework/Versions/A/OTSVG
0x00000001a299d000 	/System/Library/Frameworks/ApplicationServices.framework/Versions/A/Frameworks/ATS.framework/Versions/A/Resources/libFontRegistry.dylib
0x00000001a6f7d000 	/System/Library/PrivateFrameworks/FontServices.framework/libhvf.dylib
0x00000001de60b000 	/System/Library/Frameworks/OpenCL.framework/Versions/A/OpenCL
0x00000001a6965000 	/System/Library/PrivateFrameworks/AppleVA.framework/Versions/A/AppleVA
0x00000001a868f000 	/System/Library/Frameworks/ApplicationServices.framework/Versions/A/Frameworks/ATS.framework/Versions/A/ATS
0x00000001a89a2000 	/System/Library/Frameworks/ApplicationServices.framework/Versions/A/Frameworks/ColorSyncLegacy.framework/Versions/A/ColorSyncLegacy
0x00000001a1669000 	/System/Library/Frameworks/ApplicationServices.framework/Versions/A/Frameworks/HIServices.framework/Versions/A/HIServices
0x00000001a8981000 	/System/Library/Frameworks/ApplicationServices.framework/Versions/A/Frameworks/LangAnalysis.framework/Versions/A/LangAnalysis
0x00000001a75f0000 	/System/Library/Frameworks/ApplicationServices.framework/Versions/A/Frameworks/PrintCore.framework/Versions/A/PrintCore
0x00000001a89aa000 	/System/Library/Frameworks/ApplicationServices.framework/Versions/A/Frameworks/QD.framework/Versions/A/QD
0x00000001a867b000 	/System/Library/Frameworks/ApplicationServices.framework/Versions/A/Frameworks/SpeechSynthesis.framework/Versions/A/SpeechSynthesis
0x00000001a75b1000 	/System/Library/Frameworks/ApplicationServices.framework/Versions/A/Frameworks/ATSUI.framework/Versions/A/ATSUI
0x00000001a8923000 	/usr/lib/libcups.2.dylib
0x00000001a8995000 	/System/Library/PrivateFrameworks/NetAuth.framework/Versions/A/NetAuth
0x00000001a8fc1000 	/System/Library/Frameworks/Kerberos.framework/Versions/A/Kerberos
0x00000001a8fd2000 	/System/Library/Frameworks/GSS.framework/Versions/A/GSS
0x00000001a86fe000 	/usr/lib/libresolv.9.dylib
0x00000001a6f93000 	/System/Library/PrivateFrameworks/Heimdal.framework/Versions/A/Heimdal
0x00000001ae878000 	/System/Library/Frameworks/Kerberos.framework/Versions/A/Libraries/libHeimdalProxy.dylib
0x00000001a215d000 	/System/Library/Frameworks/Network.framework/Versions/A/Network
0x00000001a69cb000 	/usr/lib/libheimdal-asn1.dylib
0x00000001a901a000 	/System/Library/PrivateFrameworks/CommonAuth.framework/Versions/A/CommonAuth
0x00000001a2dc4000 	/System/Library/PrivateFrameworks/login.framework/Versions/A/Frameworks/loginsupport.framework/Versions/A/loginsupport
0x00000001a8600000 	/System/Library/PrivateFrameworks/AudioSession.framework/Versions/A/AudioSession
0x00000001a8668000 	/usr/lib/libAudioStatistics.dylib
0x00000001a6a4b000 	/System/Library/PrivateFrameworks/MediaExperience.framework/Versions/A/MediaExperience
0x00000001a84a1000 	/System/Library/PrivateFrameworks/AudioSession.framework/libSessionUtility.dylib
0x00000001a8fb3000 	/usr/lib/libperfcheck.dylib
0x00000001a89b6000 	/System/Library/PrivateFrameworks/AudioResourceArbitration.framework/Versions/A/AudioResourceArbitration
0x00000001a69d4000 	/System/Library/PrivateFrameworks/IconFoundation.framework/Versions/A/IconFoundation
0x00000001ab44d000 	/System/Library/PrivateFrameworks/SpeechRecognitionCore.framework/Versions/A/SpeechRecognitionCore
0x0000000106800000 	/Library/Java/JavaVirtualMachines/zulu-8.jdk/Contents/Home/jre/lib/server/libjvm.dylib
0x00000001024f8000 	/Library/Java/JavaVirtualMachines/zulu-8.jdk/Contents/Home/jre/lib/libverify.dylib
0x0000000102510000 	/Library/Java/JavaVirtualMachines/zulu-8.jdk/Contents/Home/jre/lib/libjava.dylib
0x0000000102568000 	/Library/Java/JavaVirtualMachines/zulu-8.jdk/Contents/Home/jre/lib/libzip.dylib
0x00000001149a4000 	/Library/Java/JavaVirtualMachines/zulu-8.jdk/Contents/Home/jre/lib/libnio.dylib
0x00000001149c8000 	/Library/Java/JavaVirtualMachines/zulu-8.jdk/Contents/Home/jre/lib/libnet.dylib
0x0000000115abc000 	/Library/Java/JavaVirtualMachines/zulu-8.jdk/Contents/Home/jre/lib/libmanagement.dylib
0x0000000115ad4000 	/Library/Java/JavaVirtualMachines/zulu-8.jdk/Contents/Home/jre/lib/libjaas_unix.dylib

VM Arguments:
jvm_args: -Xmx1g 
java_command: org.apache.spark.deploy.SparkSubmit --conf spark.app.name=Predicting TweetWorld Emotion pyspark-shell
java_class_path (initial): /Users/seongjin/opt/anaconda3/lib/python3.8/site-packages/pyspark/conf:/Users/seongjin/opt/anaconda3/lib/python3.8/site-packages/pyspark/jars/dropwizard-metrics-hadoop-metrics2-reporter-0.1.2.jar:/Users/seongjin/opt/anaconda3/lib/python3.8/site-packages/pyspark/jars/spark-catalyst_2.12-3.1.2.jar:/Users/seongjin/opt/anaconda3/lib/python3.8/site-packages/pyspark/jars/logging-interceptor-3.12.12.jar:/Users/seongjin/opt/anaconda3/lib/python3.8/site-packages/pyspark/jars/jakarta.xml.bind-api-2.3.2.jar:/Users/seongjin/opt/anaconda3/lib/python3.8/site-packages/pyspark/jars/machinist_2.12-0.6.8.jar:/Users/seongjin/opt/anaconda3/lib/python3.8/site-packages/pyspark/jars/jackson-jaxrs-base-2.9.5.jar:/Users/seongjin/opt/anaconda3/lib/python3.8/site-packages/pyspark/jars/kubernetes-model-discovery-4.12.0.jar:/Users/seongjin/opt/anaconda3/lib/python3.8/site-packages/pyspark/jars/json4s-jackson_2.12-3.7.0-M5.jar:/Users/seongjin/opt/anaconda3/lib/python3.8/site-packages/pyspark/jars/jaxb-runtime-2.3.2.jar:/Users/seongjin/opt/anaconda3/lib/python3.8/site-packages/pyspark/jars/minlog-1.3.0.jar:/Users/seongjin/opt/anaconda3/lib/python3.8/site-packages/pyspark/jars/xz-1.5.jar:/Users/seongjin/opt/anaconda3/lib/python3.8/site-packages/pyspark/jars/hive-shims-scheduler-2.3.7.jar:/Users/seongjin/opt/anaconda3/lib/python3.8/site-packages/pyspark/jars/javolution-5.5.1.jar:/Users/seongjin/opt/anaconda3/lib/python3.8/site-packages/pyspark/jars/hadoop-yarn-server-web-proxy-3.2.0.jar:/Users/seongjin/opt/anaconda3/lib/python3.8/site-packages/pyspark/jars/jta-1.1.jar:/Users/seongjin/opt/anaconda3/lib/python3.8/site-packages/pyspark/jars/threeten-extra-1.5.0.jar:/Users/seongjin/opt/anaconda3/lib/python3.8/site-packages/pyspark/jars/hive-vector-code-gen-2.3.7.jar:/Users/seongjin/opt/anaconda3/lib/python3.8/site-packages/pyspark/jars/JTransforms-3.1.jar:/Users/seongjin/opt/anaconda3/lib/python3.8/site-packages/pyspark/jars/hive-shims-0.23-2.3.7.jar:/Users/seongjin/opt/ana
Launcher Type: SUN_STANDARD

Environment Variables:
JAVA_HOME=/Library/Java/JavaVirtualMachines/zulu-8.jdk/Contents/Home/
PATH=/Users/seongjin/opt/anaconda3/bin:/Users/seongjin/opt/anaconda3/condabin:/opt/homebrew/bin:/opt/homebrew/sbin:/usr/local/bin:/usr/bin:/bin:/usr/sbin:/sbin:/Library/Java/JavaVirtualMachines/zulu-8.jdk/Contents/Home//bin
SHELL=/bin/zsh

Signal Handlers:
SIGSEGV: [libjvm.dylib+0x554358], sa_mask[0]=11111111011111110111111111111111, sa_flags=SA_ONSTACK|SA_RESTART|SA_SIGINFO
SIGBUS: [libjvm.dylib+0x554358], sa_mask[0]=11111111011111110111111111111111, sa_flags=SA_RESTART|SA_SIGINFO
SIGFPE: [libjvm.dylib+0x44faf0], sa_mask[0]=11111111011111110111111111111111, sa_flags=SA_RESTART|SA_SIGINFO
SIGPIPE: [libjvm.dylib+0x44faf0], sa_mask[0]=11111111011111110111111111111111, sa_flags=SA_RESTART|SA_SIGINFO
SIGXFSZ: [libjvm.dylib+0x44faf0], sa_mask[0]=11111111011111110111111111111111, sa_flags=SA_RESTART|SA_SIGINFO
SIGILL: [libjvm.dylib+0x44faf0], sa_mask[0]=11111111011111110111111111111111, sa_flags=SA_RESTART|SA_SIGINFO
SIGUSR1: SIG_DFL, sa_mask[0]=11111111011111110111111111111111, sa_flags=none
SIGUSR2: [libjvm.dylib+0x450414], sa_mask[0]=00000000000000000000000000000000, sa_flags=SA_RESTART|SA_SIGINFO
SIGHUP: [libjvm.dylib+0x44e3ac], sa_mask[0]=11111111011111110111111111111111, sa_flags=SA_RESTART|SA_SIGINFO
SIGINT: SIG_IGN, sa_mask[0]=00000000000000000000000000000000, sa_flags=none
SIGTERM: [libjvm.dylib+0x44e3ac], sa_mask[0]=11111111011111110111111111111111, sa_flags=SA_RESTART|SA_SIGINFO
SIGQUIT: [libjvm.dylib+0x44e3ac], sa_mask[0]=11111111011111110111111111111111, sa_flags=SA_RESTART|SA_SIGINFO


---------------  S Y S T E M  ---------------

OS:Bsduname:Darwin 20.4.0 Darwin Kernel Version 20.4.0: Thu Apr 22 21:46:41 PDT 2021; root:xnu-7195.101.2~1/RELEASE_ARM64_T8101 arm64
rlimit: STACK 8176k, CORE 0k, NPROC 1333, NOFILE 10240, AS infinity
load average:1.92 1.86 1.95

CPU:total 8 (initial active 8) 0x61:0x0:0x1b588bb3:0, simd, crc, lse

Memory: 16k page, physical 8388608k(515408k free)

/proc/meminfo:


vm_info: OpenJDK 64-Bit Server VM (25.302-b08) for bsd-aarch64 JRE (Zulu 8.56.0.23-CA-macos-aarch64) (1.8.0_302-b08), built on Jul 15 2021 08:28:39 by "zulu_re" with gcc Apple LLVM 12.0.0 (clang-1200.0.32.28)

time: Wed Oct 27 19:04:18 2021
timezone: KST
elapsed time: 85.784688 seconds (0d 0h 1m 25s)

